<?xml version="1.0" encoding="UTF-8"?>
<!-- Generated by org.testng.reporters.JUnitXMLReporter -->
<testsuite ignored="0" hostname="DESKTOP-PDHRC70" failures="0" tests="3" name="Default test" time="1.366" errors="0" timestamp="2024-08-17T13:20:12 IST">
  <testcase classname="createorgTest.DataproviderWithExcel" name="sample" time="0.022"/>
  <testcase classname="createorgTest.DataproviderWithExcel" name="sample" time="0.007"/>
  <testcase classname="createorgTest.DataproviderWithExcel" name="sample" time="0.004"/>
</testsuite> <!-- Default test -->
