<?xml version="1.0" encoding="UTF-8"?>
<!-- Generated by org.testng.reporters.JUnitXMLReporter -->
<testsuite ignored="1" hostname="DESKTOP-PDHRC70" failures="0" tests="1" name="Test" time="0.097" errors="0" timestamp="2024-08-17T11:09:35 IST">
  <testcase classname="createorgTest.CreateContactTest" name="createContactTest" time="0.018"/>
  <testcase classname="createorgTest.CreateContactTest" name="modifyContactTest" time="0.0">
    <ignored/>
  </testcase> <!-- modifyContactTest -->
</testsuite> <!-- Test -->
