<?xml version="1.0" encoding="UTF-8"?>
<testng-results ignored="1" total="2" passed="1" failed="0" skipped="0">
  <reporter-output>
  </reporter-output>
  <suite started-at="2024-08-17T11:09:35 IST" name="Suite" finished-at="2024-08-17T11:09:35 IST" duration-ms="97">
    <groups>
      <group name="ST">
        <method signature="CreateContactTest.createContactTest()[pri:0, instance:createorgTest.CreateContactTest@3349e9bb]" name="createContactTest" class="createorgTest.CreateContactTest"/>
      </group> <!-- ST -->
    </groups>
    <test started-at="2024-08-17T11:09:35 IST" name="Test" finished-at="2024-08-17T11:09:35 IST" duration-ms="97">
      <class name="createorgTest.CreateContactTest">
        <test-method signature="createContactTest()[pri:0, instance:createorgTest.CreateContactTest@3349e9bb]" started-at="2024-08-17T11:09:35 IST" name="createContactTest" finished-at="2024-08-17T11:09:35 IST" duration-ms="18" status="PASS">
          <reporter-output>
          </reporter-output>
        </test-method> <!-- createContactTest -->
      </class> <!-- createorgTest.CreateContactTest -->
    </test> <!-- Test -->
  </suite> <!-- Suite -->
</testng-results>
